node:internal/modules/cjs/loader:1247
  throw err;
  ^

Error: Cannot find module './dist/index'
Require stack:
- /Users/jevans/Math-Assistant/server/[eval]
    at Function._resolveFilename (node:internal/modules/cjs/loader:1244:15)
    at Function._load (node:internal/modules/cjs/loader:1070:27)
    at TracingChannel.traceSync (node:diagnostics_channel:322:14)
    at wrapModuleLoad (node:internal/modules/cjs/loader:217:24)
    at Module.require (node:internal/modules/cjs/loader:1335:12)
    at require (node:internal/modules/helpers:136:16)
    at [eval]:1:16
    at runScriptInThisContext (node:internal/vm:209:10)
    at node:internal/process/execution:118:14
    at [eval]-wrapper:6:24 {
  code: 'MODULE_NOT_FOUND',
  requireStack: [ '/Users/jevans/Math-Assistant/server/[eval]' ]
}

Node.js v22.13.0
